RegionalCompetition/FtcRobotController/build/intermediates/manifest_merge_blame_file/debug/manifest-merger-blame-debug-report.txt
1<?xml version="1.0" encoding="utf-8"?>
2<manifest xmlns:android="http://schemas.android.com/apk/res/android"
3    xmlns:tools="http://schemas.android.com/tools"
4    package="com.qualcomm.ftcrobotcontroller"
5    android:versionCode="40"
6    android:versionName="6.2" >
7
8    <uses-sdk
9        android:minSdkVersion="23"
9-->src\main\AndroidManifest.xml
10        android:targetSdkVersion="28" />
10-->src\main\AndroidManifest.xml
11
12    <uses-permission android:name="android.permission.RECEIVE_BOOT_COMPLETED" />
12-->src\main\AndroidManifest.xml:8:3-79
12-->src\main\AndroidManifest.xml:8:20-76
13
14    <application
14-->src\main\AndroidManifest.xml:10:3-64:17
15        android:allowBackup="true"
15-->src\main\AndroidManifest.xml:11:5-31
16        android:extractNativeLibs="true"
16-->src\main\AndroidManifest.xml:13:5-37
17        android:icon="@drawable/ic_launcher"
17-->src\main\AndroidManifest.xml:14:5-41
18        android:label="@string/app_name"
18-->src\main\AndroidManifest.xml:15:5-37
19        android:largeHeap="true"
19-->src\main\AndroidManifest.xml:12:5-29
20        android:theme="@style/AppThemeRedRC"
20-->src\main\AndroidManifest.xml:16:5-41
21        android:usesCleartextTraffic="true" >
21-->src\main\AndroidManifest.xml:17:5-40
22
23        <!-- Indicates to the ControlHubUpdater what the latest version of the Control Hub is that this app supports -->
24        <meta-data
24-->src\main\AndroidManifest.xml:20:5-22:29
25            android:name="org.firstinspires.latestSupportedControlHubVersion"
25-->src\main\AndroidManifest.xml:21:9-74
26            android:value="1" />
26-->src\main\AndroidManifest.xml:22:9-26
27
28        <!-- The main robot controller activity -->
29        <activity
29-->src\main\AndroidManifest.xml:25:5-36:16
30            android:name="org.firstinspires.ftc.robotcontroller.internal.PermissionValidatorWrapper"
30-->src\main\AndroidManifest.xml:25:15-103
31            android:configChanges="orientation|screenSize"
31-->src\main\AndroidManifest.xml:27:15-61
32            android:label="@string/app_name"
32-->src\main\AndroidManifest.xml:28:15-47
33            android:launchMode="singleTask"
33-->src\main\AndroidManifest.xml:29:15-46
34            android:screenOrientation="fullUser" >
34-->src\main\AndroidManifest.xml:26:15-51
35            <intent-filter>
35-->src\main\AndroidManifest.xml:31:7-34:23
36                <category android:name="android.intent.category.LAUNCHER" />
36-->src\main\AndroidManifest.xml:32:9-69
36-->src\main\AndroidManifest.xml:32:19-66
37
38                <action android:name="android.intent.action.MAIN" />
38-->src\main\AndroidManifest.xml:33:9-61
38-->src\main\AndroidManifest.xml:33:17-58
39            </intent-filter>
40        </activity>
41        <activity
41-->src\main\AndroidManifest.xml:38:5-57:16
42            android:name="org.firstinspires.ftc.robotcontroller.internal.FtcRobotControllerActivity"
42-->src\main\AndroidManifest.xml:39:7-95
43            android:configChanges="orientation|screenSize"
43-->src\main\AndroidManifest.xml:41:7-53
44            android:label="@string/app_name"
44-->src\main\AndroidManifest.xml:42:7-39
45            android:launchMode="singleTask"
45-->src\main\AndroidManifest.xml:43:7-38
46            android:screenOrientation="fullUser" >
46-->src\main\AndroidManifest.xml:40:7-43
47            <intent-filter>
47-->src\main\AndroidManifest.xml:45:7-47:23
48                <action android:name="android.hardware.usb.action.USB_DEVICE_ATTACHED" />
48-->src\main\AndroidManifest.xml:46:9-82
48-->src\main\AndroidManifest.xml:46:17-79
49            </intent-filter>
50
51            <meta-data
51-->src\main\AndroidManifest.xml:49:7-51:49
52                android:name="android.hardware.usb.action.USB_DEVICE_ATTACHED"
52-->src\main\AndroidManifest.xml:50:9-71
53                android:resource="@xml/device_filter" />
53-->src\main\AndroidManifest.xml:51:9-46
54
55            <!-- org.firstinspires.main.entry indicates that this app is compatible with the Dragonboard Control Hub -->
56            <meta-data
56-->src\main\AndroidManifest.xml:54:7-56:34
57                android:name="org.firstinspires.main.entry"
57-->src\main\AndroidManifest.xml:55:11-54
58                android:value="true" />
58-->src\main\AndroidManifest.xml:56:11-31
59        </activity>
60
61        <!-- The robot controller service in which most of the robot functionality is managed -->
62        <service
62-->src\main\AndroidManifest.xml:60:5-62:32
63            android:name="com.qualcomm.ftccommon.FtcRobotControllerService"
63-->src\main\AndroidManifest.xml:61:7-70
64            android:enabled="true" />
64-->src\main\AndroidManifest.xml:62:7-29
65    </application>
66
67</manifest>